<?xml version="1.0" encoding="UTF-8"?>
<testsuite name="com.example.studentmanagement.StudentManagementApplicationTests" tests="1" skipped="0" failures="0" errors="0" timestamp="2025-06-05T05:10:22.872Z" hostname="DESKTOP-NHIP9RC" time="0.704">
  <properties/>
  <testcase name="contextLoads()" classname="com.example.studentmanagement.StudentManagementApplicationTests" time="0.704"/>
  <system-out><![CDATA[12:10:04.694 [Test worker] INFO org.springframework.test.context.support.AnnotationConfigContextLoaderUtils -- Could not detect default configuration classes for test class [com.example.studentmanagement.StudentManagementApplicationTests]: StudentManagementApplicationTests does not declare any static, non-private, non-final, nested classes annotated with @Configuration.
12:10:04.929 [Test worker] INFO org.springframework.boot.test.context.SpringBootTestContextBootstrapper -- Found @SpringBootConfiguration com.example.studentmanagement.StudentManagementApplication for test class com.example.studentmanagement.StudentManagementApplicationTests

  .   ____          _            __ _ _
 /\\ / ___'_ __ _ _(_)_ __  __ _ \ \ \ \
( ( )\___ | '_ | '_| | '_ \/ _` | \ \ \ \
 \\/  ___)| |_)| | | | | || (_| |  ) ) ) )
  '  |____| .__|_| |_|_| |_\__, | / / / /
 =========|_|==============|___/=/_/_/_/

 :: Spring Boot ::                (v3.4.4)

2025-06-05T12:10:05.690+07:00  INFO 13440 --- [studentmanagement] [    Test worker] c.e.s.StudentManagementApplicationTests  : Starting StudentManagementApplicationTests using Java 21.0.5 with PID 13440 (started by DELL in D:\DoAnMTK\Student-Management-System-BE)
2025-06-05T12:10:05.693+07:00  INFO 13440 --- [studentmanagement] [    Test worker] c.e.s.StudentManagementApplicationTests  : No active profile set, falling back to 1 default profile: "default"
2025-06-05T12:10:08.163+07:00  INFO 13440 --- [studentmanagement] [    Test worker] .s.d.r.c.RepositoryConfigurationDelegate : Bootstrapping Spring Data JPA repositories in DEFAULT mode.
2025-06-05T12:10:08.397+07:00  INFO 13440 --- [studentmanagement] [    Test worker] .s.d.r.c.RepositoryConfigurationDelegate : Finished Spring Data repository scanning in 215 ms. Found 19 JPA repository interfaces.
2025-06-05T12:10:09.986+07:00  INFO 13440 --- [studentmanagement] [    Test worker] o.hibernate.jpa.internal.util.LogHelper  : HHH000204: Processing PersistenceUnitInfo [name: default]
2025-06-05T12:10:10.093+07:00  INFO 13440 --- [studentmanagement] [    Test worker] org.hibernate.Version                    : HHH000412: Hibernate ORM core version 6.6.11.Final
2025-06-05T12:10:10.177+07:00  INFO 13440 --- [studentmanagement] [    Test worker] o.h.c.internal.RegionFactoryInitiator    : HHH000026: Second-level cache disabled
2025-06-05T12:10:10.649+07:00  INFO 13440 --- [studentmanagement] [    Test worker] o.s.o.j.p.SpringPersistenceUnitInfo      : No LoadTimeWeaver setup: ignoring JPA class transformer
2025-06-05T12:10:10.694+07:00  INFO 13440 --- [studentmanagement] [    Test worker] com.zaxxer.hikari.HikariDataSource       : HikariPool-1 - Starting...
2025-06-05T12:10:11.021+07:00  INFO 13440 --- [studentmanagement] [    Test worker] com.zaxxer.hikari.pool.HikariPool        : HikariPool-1 - Added connection org.postgresql.jdbc.PgConnection@69fd99c1
2025-06-05T12:10:11.023+07:00  INFO 13440 --- [studentmanagement] [    Test worker] com.zaxxer.hikari.HikariDataSource       : HikariPool-1 - Start completed.
2025-06-05T12:10:11.123+07:00  WARN 13440 --- [studentmanagement] [    Test worker] org.hibernate.orm.deprecation            : HHH90000025: PostgreSQLDialect does not need to be specified explicitly using 'hibernate.dialect' (remove the property setting and it will be selected by default)
2025-06-05T12:10:11.162+07:00  INFO 13440 --- [studentmanagement] [    Test worker] org.hibernate.orm.connections.pooling    : HHH10001005: Database info:
	Database JDBC URL [Connecting through datasource 'HikariDataSource (HikariPool-1)']
	Database driver: undefined/unknown
	Database version: 17.5
	Autocommit mode: undefined/unknown
	Isolation level: undefined/unknown
	Minimum pool size: undefined/unknown
	Maximum pool size: undefined/unknown
2025-06-05T12:10:13.276+07:00  INFO 13440 --- [studentmanagement] [    Test worker] o.h.e.t.j.p.i.JtaPlatformInitiator       : HHH000489: No JTA platform available (set 'hibernate.transaction.jta.platform' to enable JTA platform integration)
2025-06-05T12:10:15.064+07:00  INFO 13440 --- [studentmanagement] [    Test worker] j.LocalContainerEntityManagerFactoryBean : Initialized JPA EntityManagerFactory for persistence unit 'default'
2025-06-05T12:10:16.128+07:00  INFO 13440 --- [studentmanagement] [    Test worker] o.s.d.j.r.query.QueryEnhancerFactory     : Hibernate is in classpath; If applicable, HQL parser will be used.
2025-06-05T12:10:19.113+07:00  WARN 13440 --- [studentmanagement] [    Test worker] JpaBaseConfiguration$JpaWebConfiguration : spring.jpa.open-in-view is enabled by default. Therefore, database queries may be performed during view rendering. Explicitly configure spring.jpa.open-in-view to disable this warning
2025-06-05T12:10:20.580+07:00  WARN 13440 --- [studentmanagement] [    Test worker] ion$DefaultTemplateResolverConfiguration : Cannot find template location: classpath:/templates/ (please add some templates, check your Thymeleaf configuration, or set spring.thymeleaf.check-template-location=false)
2025-06-05T12:10:22.501+07:00  INFO 13440 --- [studentmanagement] [    Test worker] o.s.b.a.e.web.EndpointLinksResolver      : Exposing 1 endpoint beneath base path '/actuator'
2025-06-05T12:10:22.668+07:00  INFO 13440 --- [studentmanagement] [    Test worker] c.e.s.StudentManagementApplicationTests  : Started StudentManagementApplicationTests in 17.481 seconds (process running for 19.698)
]]></system-out>
  <system-err><![CDATA[Mockito is currently self-attaching to enable the inline-mock-maker. This will no longer work in future releases of the JDK. Please add Mockito as an agent to your build what is described in Mockito's documentation: https://javadoc.io/doc/org.mockito/mockito-core/latest/org/mockito/Mockito.html#0.3
WARNING: A Java agent has been loaded dynamically (C:\Users\DELL\.gradle\caches\modules-2\files-2.1\net.bytebuddy\byte-buddy-agent\1.15.11\a38b16385e867f59a641330f0362ebe742788ed8\byte-buddy-agent-1.15.11.jar)
WARNING: If a serviceability tool is in use, please run with -XX:+EnableDynamicAgentLoading to hide this warning
WARNING: If a serviceability tool is not in use, please run with -Djdk.instrument.traceUsage for more information
WARNING: Dynamic loading of agents will be disallowed by default in a future release
]]></system-err>
</testsuite>
